<?xml version="1.0" encoding="UTF-8"?>
<testng-results skipped="0" failed="0" ignored="0" total="1" passed="1">
  <reporter-output>
  </reporter-output>
  <suite name="Assurity-API-Automation" duration-ms="5169" started-at="2023-03-04T15:57:44 IST" finished-at="2023-03-04T15:57:49 IST">
    <groups>
    </groups>
    <test name="Regression Test" duration-ms="5169" started-at="2023-03-04T15:57:44 IST" finished-at="2023-03-04T15:57:49 IST">
      <class name="tests.AssurityTests">
        <test-method status="PASS" signature="init()[pri:0, instance:tests.AssurityTests@685cb137]" name="init" is-config="true" duration-ms="32" started-at="2023-03-04T15:57:44 IST" finished-at="2023-03-04T15:57:44 IST">
          <reporter-output>
          </reporter-output>
        </test-method> <!-- init -->
        <test-method status="PASS" signature="init(java.lang.reflect.Method)[pri:0, instance:tests.AssurityTests@685cb137]" name="init" is-config="true" duration-ms="4" started-at="2023-03-04T15:57:44 IST" finished-at="2023-03-04T15:57:44 IST">
          <params>
            <param index="0">
              <value>
                <![CDATA[public static void tests.AssurityTests.testVerifyAcceptanceCriteria()]]>
              </value>
            </param>
          </params>
          <reporter-output>
          </reporter-output>
        </test-method> <!-- init -->
        <test-method status="PASS" signature="testVerifyAcceptanceCriteria()[pri:0, instance:tests.AssurityTests@685cb137]" name="testVerifyAcceptanceCriteria" duration-ms="5100" started-at="2023-03-04T15:57:44 IST" description="test with the listed acceptance criteria" finished-at="2023-03-04T15:57:49 IST">
          <reporter-output>
          </reporter-output>
        </test-method> <!-- testVerifyAcceptanceCriteria -->
      </class> <!-- tests.AssurityTests -->
    </test> <!-- Regression Test -->
  </suite> <!-- Assurity-API-Automation -->
</testng-results>
